<?xml version="1.0" encoding="UTF-8"?>
<testsuite name="codeforces.2025-09-16.c_non_descending_arrays.SolutionTest" tests="6" skipped="0" failures="0" errors="0" timestamp="2025-09-15T16:01:46.322Z" hostname="KIHUN" time="0.008">
  <properties/>
  <testcase name="교환이 필요한 경우 테스트()" classname="codeforces.2025-09-16.c_non_descending_arrays.SolutionTest" time="0.001"/>
  <testcase name="테스트 케이스 1()" classname="codeforces.2025-09-16.c_non_descending_arrays.SolutionTest" time="0.0"/>
  <testcase name="테스트 케이스 2()" classname="codeforces.2025-09-16.c_non_descending_arrays.SolutionTest" time="0.001"/>
  <testcase name="테스트 케이스 3()" classname="codeforces.2025-09-16.c_non_descending_arrays.SolutionTest" time="0.0"/>
  <testcase name="큰 입력 시간 복잡도 테스트()" classname="codeforces.2025-09-16.c_non_descending_arrays.SolutionTest" time="0.004"/>
  <testcase name="이미 정렬된 배열 테스트()" classname="codeforces.2025-09-16.c_non_descending_arrays.SolutionTest" time="0.0"/>
  <system-out><![CDATA[Execution time for n=100: 0ms
]]></system-out>
  <system-err><![CDATA[]]></system-err>
</testsuite>
