<?xml version="1.0" encoding="UTF-8"?>
<testsuite name="codeforces.2025-09-16.d_price_tags.SolutionTest" tests="6" skipped="0" failures="0" errors="0" timestamp="2025-09-16T12:41:03.623Z" hostname="KIHUN" time="0.031">
  <properties/>
  <testcase name="단일 상품 테스트()" classname="codeforces.2025-09-16.d_price_tags.SolutionTest" time="0.02"/>
  <testcase name="테스트 케이스 3 - 복합 케이스()" classname="codeforces.2025-09-16.d_price_tags.SolutionTest" time="0.005"/>
  <testcase name="테스트 케이스 2 - 높은 인쇄 비용()" classname="codeforces.2025-09-16.d_price_tags.SolutionTest" time="0.0"/>
  <testcase name="테스트 케이스 1 - 기본 예제()" classname="codeforces.2025-09-16.d_price_tags.SolutionTest" time="0.0"/>
  <testcase name="테스트 케이스 4 - 모든 가격이 1()" classname="codeforces.2025-09-16.d_price_tags.SolutionTest" time="0.001"/>
  <testcase name="완전 재사용 가능한 경우()" classname="codeforces.2025-09-16.d_price_tags.SolutionTest" time="0.0"/>
  <system-out><![CDATA[]]></system-out>
  <system-err><![CDATA[]]></system-err>
</testsuite>
