<?xml version="1.0" encoding="UTF-8"?>
<testsuite name="codeforces.2025-09-21.b_merging_the_sets.MainTest" tests="1" skipped="0" failures="0" errors="0" timestamp="2025-09-21T16:43:12.378Z" hostname="KIHUN" time="0.02">
  <properties/>
  <testcase name="문제 예제()" classname="codeforces.2025-09-21.b_merging_the_sets.MainTest" time="0.02"/>
  <system-out><![CDATA[]]></system-out>
  <system-err><![CDATA[]]></system-err>
</testsuite>
