<?xml version="1.0" encoding="UTF-8"?>
<testsuite name="codeforces.2025-09-16.b_maximum_cost_permutation.SolutionTest" tests="6" skipped="0" failures="0" errors="0" timestamp="2025-09-15T16:01:46.314Z" hostname="KIHUN" time="0.007">
  <properties/>
  <testcase name="edge case - already sorted()" classname="codeforces.2025-09-16.b_maximum_cost_permutation.SolutionTest" time="0.003"/>
  <testcase name="test case 1()" classname="codeforces.2025-09-16.b_maximum_cost_permutation.SolutionTest" time="0.001"/>
  <testcase name="test case 2()" classname="codeforces.2025-09-16.b_maximum_cost_permutation.SolutionTest" time="0.001"/>
  <testcase name="test case 3()" classname="codeforces.2025-09-16.b_maximum_cost_permutation.SolutionTest" time="0.0"/>
  <testcase name="test case 4()" classname="codeforces.2025-09-16.b_maximum_cost_permutation.SolutionTest" time="0.001"/>
  <testcase name="edge case - single element()" classname="codeforces.2025-09-16.b_maximum_cost_permutation.SolutionTest" time="0.001"/>
  <system-out><![CDATA[]]></system-out>
  <system-err><![CDATA[]]></system-err>
</testsuite>
