<?xml version="1.0" encoding="UTF-8"?>
<testsuite name="leetcode.p1935.SolutionTest" tests="3" skipped="0" failures="0" errors="0" timestamp="2025-09-15T06:05:15.305Z" hostname="Kiui-MacBookAir.local" time="0.013">
  <properties/>
  <testcase name="testExample1()" classname="leetcode.p1935.SolutionTest" time="0.01"/>
  <testcase name="testExample2()" classname="leetcode.p1935.SolutionTest" time="0.001"/>
  <testcase name="testExample3()" classname="leetcode.p1935.SolutionTest" time="0.001"/>
  <system-out><![CDATA[]]></system-out>
  <system-err><![CDATA[]]></system-err>
</testsuite>
