<?xml version="1.0" encoding="UTF-8"?>
<testsuite name="codeforces.2025-09-17.b_discounts.SolutionTest" tests="5" skipped="0" failures="0" errors="0" timestamp="2025-09-17T16:48:55.927Z" hostname="KIHUN" time="0.022">
  <properties/>
  <testcase name="테스트 케이스 1()" classname="codeforces.2025-09-17.b_discounts.SolutionTest" time="0.019"/>
  <testcase name="테스트 케이스 2()" classname="codeforces.2025-09-17.b_discounts.SolutionTest" time="0.001"/>
  <testcase name="테스트 케이스 3()" classname="codeforces.2025-09-17.b_discounts.SolutionTest" time="0.0"/>
  <testcase name="테스트 케이스 4()" classname="codeforces.2025-09-17.b_discounts.SolutionTest" time="0.0"/>
  <testcase name="테스트 케이스 5()" classname="codeforces.2025-09-17.b_discounts.SolutionTest" time="0.0"/>
  <system-out><![CDATA[]]></system-out>
  <system-err><![CDATA[]]></system-err>
</testsuite>
