<?xml version="1.0" encoding="UTF-8"?>
<testsuite name="codeforces.2025-09-17.c_max_tree.SolutionTest" tests="3" skipped="0" failures="0" errors="0" timestamp="2025-09-18T12:04:50.811Z" hostname="KIHUN" time="0.038">
  <properties/>
  <testcase name="예제 테스트 케이스 1()" classname="codeforces.2025-09-17.c_max_tree.SolutionTest" time="0.035"/>
  <testcase name="예제 테스트 케이스 2()" classname="codeforces.2025-09-17.c_max_tree.SolutionTest" time="0.001"/>
  <testcase name="예제 테스트 케이스 3()" classname="codeforces.2025-09-17.c_max_tree.SolutionTest" time="0.0"/>
  <system-out><![CDATA[]]></system-out>
  <system-err><![CDATA[]]></system-err>
</testsuite>
