<?xml version="1.0" encoding="UTF-8"?>
<testsuite name="codeforces.2024-09-20.b_multiple_construction.SolutionTest" tests="3" skipped="0" failures="0" errors="0" timestamp="2025-09-20T15:30:10.258Z" hostname="KIHUN" time="0.038">
  <properties/>
  <testcase name="예제 테스트 케이스 1 (n=2)()" classname="codeforces.2024-09-20.b_multiple_construction.SolutionTest" time="0.035"/>
  <testcase name="예제 테스트 케이스 2 (n=3)()" classname="codeforces.2024-09-20.b_multiple_construction.SolutionTest" time="0.001"/>
  <testcase name="예제 테스트 케이스 3 (n=1)()" classname="codeforces.2024-09-20.b_multiple_construction.SolutionTest" time="0.001"/>
  <system-out><![CDATA[]]></system-out>
  <system-err><![CDATA[]]></system-err>
</testsuite>
